Loading pytorch-gpu/py3/1.7.0
  Loading requirement: gcc/8.3.1 cuda/10.2 nccl/2.6.4-1-cuda
    cudnn/7.6.5.32-cuda-10.2 intel-mkl/2020.1 magma/2.5.3-cuda
    openmpi/4.0.2-cuda
+ srun python -u run_preprocess_databases.py --train_n_samp 347600 --val_n_samp 102400 --test_n_samp 50000 --output_db ../DATABASES/run_db_DVAE_PEGS_only --PEGS_db_path ../DATABASES/database_STF_duration_55_100_500k.hdf5 --NOISE_db_path ../DATABASES/noise_db8.hdf5 --ncomp 1
train dataset. Working on sample 0/347600. Selected data is PEGS
Noise sample idx 1605 -- start 1246 end 1946
train dataset. Working on sample 1000/347600. Selected data is PEGS
Noise sample idx 3570 -- start 1091 end 1791
train dataset. Working on sample 2000/347600. Selected data is PEGS
Noise sample idx 3807 -- start 2443 end 3143
train dataset. Working on sample 3000/347600. Selected data is PEGS
Noise sample idx 6024 -- start 2219 end 2919
train dataset. Working on sample 4000/347600. Selected data is PEGS
Noise sample idx 5148 -- start 1161 end 1861
train dataset. Working on sample 5000/347600. Selected data is PEGS
Noise sample idx 4072 -- start 1277 end 1977
train dataset. Working on sample 6000/347600. Selected data is PEGS
Noise sample idx 1532 -- start 1799 end 2499
train dataset. Working on sample 7000/347600. Selected data is PEGS
Noise sample idx 3187 -- start 2288 end 2988
train dataset. Working on sample 8000/347600. Selected data is PEGS
Noise sample idx 1221 -- start 1838 end 2538
train dataset. Working on sample 9000/347600. Selected data is PEGS
Noise sample idx 3755 -- start 1723 end 2423
train dataset. Working on sample 10000/347600. Selected data is PEGS
Noise sample idx 1373 -- start 2020 end 2720
train dataset. Working on sample 11000/347600. Selected data is PEGS
Noise sample idx 1094 -- start 2580 end 3280
train dataset. Working on sample 12000/347600. Selected data is PEGS
Noise sample idx 3209 -- start 1338 end 2038
train dataset. Working on sample 13000/347600. Selected data is PEGS
Noise sample idx 4730 -- start 1732 end 2432
train dataset. Working on sample 14000/347600. Selected data is PEGS
Noise sample idx 5092 -- start 1417 end 2117
train dataset. Working on sample 15000/347600. Selected data is PEGS
Noise sample idx 3239 -- start 1779 end 2479
train dataset. Working on sample 16000/347600. Selected data is PEGS
Noise sample idx 2822 -- start 1001 end 1701
train dataset. Working on sample 17000/347600. Selected data is PEGS
Noise sample idx 4171 -- start 1547 end 2247
train dataset. Working on sample 18000/347600. Selected data is PEGS
Noise sample idx 3511 -- start 1576 end 2276
train dataset. Working on sample 19000/347600. Selected data is PEGS
Noise sample idx 4945 -- start 1902 end 2602
train dataset. Working on sample 20000/347600. Selected data is PEGS
Noise sample idx 4105 -- start 2290 end 2990
train dataset. Working on sample 21000/347600. Selected data is PEGS
Noise sample idx 2776 -- start 2015 end 2715
train dataset. Working on sample 22000/347600. Selected data is PEGS
Noise sample idx 6024 -- start 1613 end 2313
train dataset. Working on sample 23000/347600. Selected data is PEGS
Noise sample idx 3756 -- start 1208 end 1908
train dataset. Working on sample 24000/347600. Selected data is PEGS
Noise sample idx 2747 -- start 1754 end 2454
train dataset. Working on sample 25000/347600. Selected data is PEGS
Noise sample idx 6062 -- start 2532 end 3232
train dataset. Working on sample 26000/347600. Selected data is PEGS
Noise sample idx 3593 -- start 1820 end 2520
train dataset. Working on sample 27000/347600. Selected data is PEGS
Noise sample idx 3174 -- start 2188 end 2888
train dataset. Working on sample 28000/347600. Selected data is PEGS
Noise sample idx 3269 -- start 1820 end 2520
train dataset. Working on sample 29000/347600. Selected data is PEGS
Noise sample idx 2984 -- start 1853 end 2553
train dataset. Working on sample 30000/347600. Selected data is PEGS
Noise sample idx 5980 -- start 2481 end 3181
train dataset. Working on sample 31000/347600. Selected data is PEGS
Noise sample idx 5908 -- start 1711 end 2411
train dataset. Working on sample 32000/347600. Selected data is PEGS
Noise sample idx 3544 -- start 2282 end 2982
train dataset. Working on sample 33000/347600. Selected data is PEGS
Noise sample idx 3191 -- start 2477 end 3177
train dataset. Working on sample 34000/347600. Selected data is PEGS
Noise sample idx 1050 -- start 1902 end 2602
train dataset. Working on sample 35000/347600. Selected data is PEGS
Noise sample idx 5154 -- start 1040 end 1740
train dataset. Working on sample 36000/347600. Selected data is PEGS
Noise sample idx 217 -- start 2089 end 2789
train dataset. Working on sample 37000/347600. Selected data is PEGS
Noise sample idx 3194 -- start 2182 end 2882
train dataset. Working on sample 38000/347600. Selected data is PEGS
Noise sample idx 1555 -- start 1204 end 1904
train dataset. Working on sample 39000/347600. Selected data is PEGS
Noise sample idx 5557 -- start 1759 end 2459
train dataset. Working on sample 40000/347600. Selected data is PEGS
Noise sample idx 2156 -- start 1443 end 2143
train dataset. Working on sample 41000/347600. Selected data is PEGS
Noise sample idx 5561 -- start 1135 end 1835
train dataset. Working on sample 42000/347600. Selected data is PEGS
Noise sample idx 3757 -- start 1967 end 2667
train dataset. Working on sample 43000/347600. Selected data is PEGS
Noise sample idx 6300 -- start 1634 end 2334
train dataset. Working on sample 44000/347600. Selected data is PEGS
Noise sample idx 1342 -- start 1179 end 1879
train dataset. Working on sample 45000/347600. Selected data is PEGS
Noise sample idx 5174 -- start 2595 end 3295
train dataset. Working on sample 46000/347600. Selected data is PEGS
Noise sample idx 3922 -- start 2543 end 3243
train dataset. Working on sample 47000/347600. Selected data is PEGS
Noise sample idx 801 -- start 1643 end 2343
train dataset. Working on sample 48000/347600. Selected data is PEGS
Noise sample idx 1940 -- start 2495 end 3195
train dataset. Working on sample 49000/347600. Selected data is PEGS
Noise sample idx 2336 -- start 2110 end 2810
train dataset. Working on sample 50000/347600. Selected data is PEGS
Noise sample idx 5048 -- start 2099 end 2799
train dataset. Working on sample 51000/347600. Selected data is PEGS
Noise sample idx 899 -- start 1580 end 2280
train dataset. Working on sample 52000/347600. Selected data is PEGS
Noise sample idx 5033 -- start 2620 end 3320
train dataset. Working on sample 53000/347600. Selected data is PEGS
Noise sample idx 1176 -- start 1797 end 2497
train dataset. Working on sample 54000/347600. Selected data is PEGS
Noise sample idx 2225 -- start 1243 end 1943
train dataset. Working on sample 55000/347600. Selected data is PEGS
Noise sample idx 2710 -- start 1985 end 2685
train dataset. Working on sample 56000/347600. Selected data is PEGS
Noise sample idx 2870 -- start 1919 end 2619
train dataset. Working on sample 57000/347600. Selected data is PEGS
Noise sample idx 6399 -- start 1562 end 2262
train dataset. Working on sample 58000/347600. Selected data is PEGS
Noise sample idx 980 -- start 1793 end 2493
train dataset. Working on sample 59000/347600. Selected data is PEGS
Noise sample idx 549 -- start 1389 end 2089
train dataset. Working on sample 60000/347600. Selected data is PEGS
Noise sample idx 5143 -- start 1865 end 2565
train dataset. Working on sample 61000/347600. Selected data is PEGS
Noise sample idx 464 -- start 2364 end 3064
train dataset. Working on sample 62000/347600. Selected data is PEGS
Noise sample idx 5353 -- start 2040 end 2740
train dataset. Working on sample 63000/347600. Selected data is PEGS
Noise sample idx 5327 -- start 1829 end 2529
train dataset. Working on sample 64000/347600. Selected data is PEGS
Noise sample idx 4526 -- start 1973 end 2673
train dataset. Working on sample 65000/347600. Selected data is PEGS
Noise sample idx 76 -- start 1424 end 2124
train dataset. Working on sample 66000/347600. Selected data is PEGS
Noise sample idx 5737 -- start 1939 end 2639
train dataset. Working on sample 67000/347600. Selected data is PEGS
Noise sample idx 1748 -- start 2220 end 2920
train dataset. Working on sample 68000/347600. Selected data is PEGS
Noise sample idx 4417 -- start 1844 end 2544
train dataset. Working on sample 69000/347600. Selected data is PEGS
Noise sample idx 2443 -- start 2201 end 2901
train dataset. Working on sample 70000/347600. Selected data is PEGS
Noise sample idx 5359 -- start 1538 end 2238
train dataset. Working on sample 71000/347600. Selected data is PEGS
Noise sample idx 3392 -- start 1866 end 2566
train dataset. Working on sample 72000/347600. Selected data is PEGS
Noise sample idx 937 -- start 1564 end 2264
train dataset. Working on sample 73000/347600. Selected data is PEGS
Noise sample idx 128 -- start 2629 end 3329
train dataset. Working on sample 74000/347600. Selected data is PEGS
Noise sample idx 3843 -- start 2201 end 2901
train dataset. Working on sample 75000/347600. Selected data is PEGS
Noise sample idx 6311 -- start 2049 end 2749
train dataset. Working on sample 76000/347600. Selected data is PEGS
Noise sample idx 4508 -- start 2273 end 2973
train dataset. Working on sample 77000/347600. Selected data is PEGS
Noise sample idx 2710 -- start 2155 end 2855
train dataset. Working on sample 78000/347600. Selected data is PEGS
Noise sample idx 1907 -- start 2272 end 2972
train dataset. Working on sample 79000/347600. Selected data is PEGS
Noise sample idx 5933 -- start 1370 end 2070
train dataset. Working on sample 80000/347600. Selected data is PEGS
Noise sample idx 1804 -- start 1172 end 1872
train dataset. Working on sample 81000/347600. Selected data is PEGS
Noise sample idx 6190 -- start 1932 end 2632
train dataset. Working on sample 82000/347600. Selected data is PEGS
Noise sample idx 3384 -- start 1765 end 2465
train dataset. Working on sample 83000/347600. Selected data is PEGS
Noise sample idx 3150 -- start 2640 end 3340
train dataset. Working on sample 84000/347600. Selected data is PEGS
Noise sample idx 3185 -- start 1833 end 2533
train dataset. Working on sample 85000/347600. Selected data is PEGS
Noise sample idx 1911 -- start 2347 end 3047
train dataset. Working on sample 86000/347600. Selected data is PEGS
Noise sample idx 6422 -- start 1867 end 2567
train dataset. Working on sample 87000/347600. Selected data is PEGS
Noise sample idx 2534 -- start 2626 end 3326
train dataset. Working on sample 88000/347600. Selected data is PEGS
Noise sample idx 4771 -- start 1002 end 1702
train dataset. Working on sample 89000/347600. Selected data is PEGS
Noise sample idx 6418 -- start 1806 end 2506
train dataset. Working on sample 90000/347600. Selected data is PEGS
Noise sample idx 2501 -- start 1300 end 2000
train dataset. Working on sample 91000/347600. Selected data is PEGS
Noise sample idx 1374 -- start 2346 end 3046
train dataset. Working on sample 92000/347600. Selected data is PEGS
Noise sample idx 1236 -- start 1432 end 2132
train dataset. Working on sample 93000/347600. Selected data is PEGS
Noise sample idx 5826 -- start 1744 end 2444
train dataset. Working on sample 94000/347600. Selected data is PEGS
Noise sample idx 647 -- start 1159 end 1859
train dataset. Working on sample 95000/347600. Selected data is PEGS
Noise sample idx 2870 -- start 2329 end 3029
train dataset. Working on sample 96000/347600. Selected data is PEGS
Noise sample idx 2985 -- start 2642 end 3342
train dataset. Working on sample 97000/347600. Selected data is PEGS
Noise sample idx 6114 -- start 2208 end 2908
train dataset. Working on sample 98000/347600. Selected data is PEGS
Noise sample idx 5321 -- start 1725 end 2425
train dataset. Working on sample 99000/347600. Selected data is PEGS
Noise sample idx 970 -- start 1195 end 1895
train dataset. Working on sample 100000/347600. Selected data is PEGS
Noise sample idx 3569 -- start 2003 end 2703
train dataset. Working on sample 101000/347600. Selected data is PEGS
Noise sample idx 23 -- start 2243 end 2943
train dataset. Working on sample 102000/347600. Selected data is PEGS
Noise sample idx 4382 -- start 1386 end 2086
train dataset. Working on sample 103000/347600. Selected data is PEGS
Noise sample idx 3162 -- start 2174 end 2874
train dataset. Working on sample 104000/347600. Selected data is PEGS
Noise sample idx 282 -- start 2252 end 2952
train dataset. Working on sample 105000/347600. Selected data is PEGS
Noise sample idx 2998 -- start 1772 end 2472
train dataset. Working on sample 106000/347600. Selected data is PEGS
Noise sample idx 5251 -- start 2649 end 3349
train dataset. Working on sample 107000/347600. Selected data is PEGS
Noise sample idx 3416 -- start 1931 end 2631
train dataset. Working on sample 108000/347600. Selected data is PEGS
Noise sample idx 5182 -- start 2047 end 2747
train dataset. Working on sample 109000/347600. Selected data is PEGS
Noise sample idx 4992 -- start 1251 end 1951
train dataset. Working on sample 110000/347600. Selected data is PEGS
Noise sample idx 1058 -- start 2596 end 3296
train dataset. Working on sample 111000/347600. Selected data is PEGS
Noise sample idx 4693 -- start 2341 end 3041
train dataset. Working on sample 112000/347600. Selected data is PEGS
Noise sample idx 1984 -- start 1083 end 1783
train dataset. Working on sample 113000/347600. Selected data is PEGS
Noise sample idx 1510 -- start 1934 end 2634
train dataset. Working on sample 114000/347600. Selected data is PEGS
Noise sample idx 1621 -- start 1002 end 1702
train dataset. Working on sample 115000/347600. Selected data is PEGS
Noise sample idx 5058 -- start 2625 end 3325
train dataset. Working on sample 116000/347600. Selected data is PEGS
Noise sample idx 1481 -- start 2172 end 2872
train dataset. Working on sample 117000/347600. Selected data is PEGS
Noise sample idx 1388 -- start 1683 end 2383
train dataset. Working on sample 118000/347600. Selected data is PEGS
Noise sample idx 5465 -- start 1936 end 2636
train dataset. Working on sample 119000/347600. Selected data is PEGS
Noise sample idx 3295 -- start 1584 end 2284
train dataset. Working on sample 120000/347600. Selected data is PEGS
Noise sample idx 1679 -- start 1589 end 2289
train dataset. Working on sample 121000/347600. Selected data is PEGS
Noise sample idx 2190 -- start 1124 end 1824
train dataset. Working on sample 122000/347600. Selected data is PEGS
Noise sample idx 6109 -- start 1158 end 1858
train dataset. Working on sample 123000/347600. Selected data is PEGS
Noise sample idx 1543 -- start 1666 end 2366
train dataset. Working on sample 124000/347600. Selected data is PEGS
Noise sample idx 961 -- start 2635 end 3335
train dataset. Working on sample 125000/347600. Selected data is PEGS
Noise sample idx 3376 -- start 1043 end 1743
train dataset. Working on sample 126000/347600. Selected data is PEGS
Noise sample idx 5978 -- start 1337 end 2037
train dataset. Working on sample 127000/347600. Selected data is PEGS
Noise sample idx 2375 -- start 2566 end 3266
train dataset. Working on sample 128000/347600. Selected data is PEGS
Noise sample idx 4547 -- start 1819 end 2519
train dataset. Working on sample 129000/347600. Selected data is PEGS
Noise sample idx 3270 -- start 1352 end 2052
train dataset. Working on sample 130000/347600. Selected data is PEGS
Noise sample idx 5842 -- start 2302 end 3002
train dataset. Working on sample 131000/347600. Selected data is PEGS
Noise sample idx 1333 -- start 1275 end 1975
train dataset. Working on sample 132000/347600. Selected data is PEGS
Noise sample idx 753 -- start 1375 end 2075
train dataset. Working on sample 133000/347600. Selected data is PEGS
Noise sample idx 5968 -- start 1598 end 2298
train dataset. Working on sample 134000/347600. Selected data is PEGS
Noise sample idx 3829 -- start 2230 end 2930
train dataset. Working on sample 135000/347600. Selected data is PEGS
Noise sample idx 3019 -- start 2561 end 3261
train dataset. Working on sample 136000/347600. Selected data is PEGS
Noise sample idx 2628 -- start 1903 end 2603
train dataset. Working on sample 137000/347600. Selected data is PEGS
Noise sample idx 6070 -- start 1162 end 1862
train dataset. Working on sample 138000/347600. Selected data is PEGS
Noise sample idx 3380 -- start 1004 end 1704
train dataset. Working on sample 139000/347600. Selected data is PEGS
Noise sample idx 1606 -- start 1097 end 1797
train dataset. Working on sample 140000/347600. Selected data is PEGS
Noise sample idx 6340 -- start 1852 end 2552
train dataset. Working on sample 141000/347600. Selected data is PEGS
Noise sample idx 6164 -- start 2490 end 3190
train dataset. Working on sample 142000/347600. Selected data is PEGS
Noise sample idx 2430 -- start 1407 end 2107
train dataset. Working on sample 143000/347600. Selected data is PEGS
Noise sample idx 5476 -- start 2176 end 2876
train dataset. Working on sample 144000/347600. Selected data is PEGS
Noise sample idx 1600 -- start 2145 end 2845
train dataset. Working on sample 145000/347600. Selected data is PEGS
Noise sample idx 2633 -- start 2436 end 3136
train dataset. Working on sample 146000/347600. Selected data is PEGS
Noise sample idx 3287 -- start 1188 end 1888
train dataset. Working on sample 147000/347600. Selected data is PEGS
Noise sample idx 4777 -- start 2433 end 3133
train dataset. Working on sample 148000/347600. Selected data is PEGS
Noise sample idx 2705 -- start 1467 end 2167
train dataset. Working on sample 149000/347600. Selected data is PEGS
Noise sample idx 2251 -- start 2400 end 3100
train dataset. Working on sample 150000/347600. Selected data is PEGS
Noise sample idx 1879 -- start 2107 end 2807
train dataset. Working on sample 151000/347600. Selected data is PEGS
Noise sample idx 6079 -- start 2249 end 2949
train dataset. Working on sample 152000/347600. Selected data is PEGS
Noise sample idx 4883 -- start 1057 end 1757
train dataset. Working on sample 153000/347600. Selected data is PEGS
Noise sample idx 554 -- start 2107 end 2807
train dataset. Working on sample 154000/347600. Selected data is PEGS
Noise sample idx 5877 -- start 1196 end 1896
train dataset. Working on sample 155000/347600. Selected data is PEGS
Noise sample idx 5058 -- start 1731 end 2431
train dataset. Working on sample 156000/347600. Selected data is PEGS
Noise sample idx 2014 -- start 1295 end 1995
train dataset. Working on sample 157000/347600. Selected data is PEGS
Noise sample idx 4723 -- start 1289 end 1989
train dataset. Working on sample 158000/347600. Selected data is PEGS
Noise sample idx 2376 -- start 1048 end 1748
train dataset. Working on sample 159000/347600. Selected data is PEGS
Noise sample idx 6189 -- start 1126 end 1826
train dataset. Working on sample 160000/347600. Selected data is PEGS
Noise sample idx 4656 -- start 2043 end 2743
train dataset. Working on sample 161000/347600. Selected data is PEGS
Noise sample idx 5942 -- start 1896 end 2596
train dataset. Working on sample 162000/347600. Selected data is PEGS
Noise sample idx 2525 -- start 1554 end 2254
train dataset. Working on sample 163000/347600. Selected data is PEGS
Noise sample idx 2865 -- start 1735 end 2435
train dataset. Working on sample 164000/347600. Selected data is PEGS
Noise sample idx 6169 -- start 1001 end 1701
train dataset. Working on sample 165000/347600. Selected data is PEGS
Noise sample idx 5901 -- start 1338 end 2038
train dataset. Working on sample 166000/347600. Selected data is PEGS
Noise sample idx 5664 -- start 1714 end 2414
train dataset. Working on sample 167000/347600. Selected data is PEGS
Noise sample idx 4181 -- start 2089 end 2789
train dataset. Working on sample 168000/347600. Selected data is PEGS
Noise sample idx 725 -- start 2522 end 3222
train dataset. Working on sample 169000/347600. Selected data is PEGS
Noise sample idx 3674 -- start 1848 end 2548
train dataset. Working on sample 170000/347600. Selected data is PEGS
Noise sample idx 4132 -- start 2485 end 3185
train dataset. Working on sample 171000/347600. Selected data is PEGS
Noise sample idx 2519 -- start 1502 end 2202
train dataset. Working on sample 172000/347600. Selected data is PEGS
Noise sample idx 1120 -- start 2622 end 3322
train dataset. Working on sample 173000/347600. Selected data is PEGS
Noise sample idx 4697 -- start 1458 end 2158
train dataset. Working on sample 174000/347600. Selected data is PEGS
Noise sample idx 4941 -- start 1254 end 1954
train dataset. Working on sample 175000/347600. Selected data is PEGS
Noise sample idx 8 -- start 2639 end 3339
train dataset. Working on sample 176000/347600. Selected data is PEGS
Noise sample idx 2960 -- start 1024 end 1724
train dataset. Working on sample 177000/347600. Selected data is PEGS
Noise sample idx 1590 -- start 1428 end 2128
train dataset. Working on sample 178000/347600. Selected data is PEGS
Noise sample idx 3880 -- start 2281 end 2981
train dataset. Working on sample 179000/347600. Selected data is PEGS
Noise sample idx 5137 -- start 2349 end 3049
train dataset. Working on sample 180000/347600. Selected data is PEGS
Noise sample idx 5170 -- start 1895 end 2595
train dataset. Working on sample 181000/347600. Selected data is PEGS
Noise sample idx 2472 -- start 1702 end 2402
train dataset. Working on sample 182000/347600. Selected data is PEGS
Noise sample idx 4081 -- start 2054 end 2754
train dataset. Working on sample 183000/347600. Selected data is PEGS
Noise sample idx 4373 -- start 2362 end 3062
train dataset. Working on sample 184000/347600. Selected data is PEGS
Noise sample idx 226 -- start 1057 end 1757
train dataset. Working on sample 185000/347600. Selected data is PEGS
Noise sample idx 1238 -- start 1680 end 2380
train dataset. Working on sample 186000/347600. Selected data is PEGS
Noise sample idx 5939 -- start 1001 end 1701
train dataset. Working on sample 187000/347600. Selected data is PEGS
Noise sample idx 1537 -- start 1960 end 2660
train dataset. Working on sample 188000/347600. Selected data is PEGS
Noise sample idx 3386 -- start 2208 end 2908
train dataset. Working on sample 189000/347600. Selected data is PEGS
Noise sample idx 883 -- start 1365 end 2065
train dataset. Working on sample 190000/347600. Selected data is PEGS
Noise sample idx 5562 -- start 1501 end 2201
train dataset. Working on sample 191000/347600. Selected data is PEGS
Noise sample idx 5265 -- start 2170 end 2870
train dataset. Working on sample 192000/347600. Selected data is PEGS
Noise sample idx 5811 -- start 2344 end 3044
train dataset. Working on sample 193000/347600. Selected data is PEGS
Noise sample idx 4118 -- start 2096 end 2796
train dataset. Working on sample 194000/347600. Selected data is PEGS
Noise sample idx 4576 -- start 2018 end 2718
train dataset. Working on sample 195000/347600. Selected data is PEGS
Noise sample idx 6019 -- start 1540 end 2240
train dataset. Working on sample 196000/347600. Selected data is PEGS
Noise sample idx 3632 -- start 1676 end 2376
train dataset. Working on sample 197000/347600. Selected data is PEGS
Noise sample idx 4017 -- start 1853 end 2553
train dataset. Working on sample 198000/347600. Selected data is PEGS
Noise sample idx 3794 -- start 1465 end 2165
train dataset. Working on sample 199000/347600. Selected data is PEGS
Noise sample idx 3807 -- start 1790 end 2490
train dataset. Working on sample 200000/347600. Selected data is PEGS
Noise sample idx 3238 -- start 2219 end 2919
train dataset. Working on sample 201000/347600. Selected data is PEGS
Noise sample idx 1558 -- start 1278 end 1978
train dataset. Working on sample 202000/347600. Selected data is PEGS
Noise sample idx 5157 -- start 1462 end 2162
train dataset. Working on sample 203000/347600. Selected data is PEGS
Noise sample idx 1864 -- start 1695 end 2395
train dataset. Working on sample 204000/347600. Selected data is PEGS
Noise sample idx 1004 -- start 1167 end 1867
train dataset. Working on sample 205000/347600. Selected data is PEGS
Noise sample idx 5011 -- start 2146 end 2846
train dataset. Working on sample 206000/347600. Selected data is PEGS
Noise sample idx 2830 -- start 1025 end 1725
train dataset. Working on sample 207000/347600. Selected data is PEGS
Noise sample idx 4286 -- start 1400 end 2100
train dataset. Working on sample 208000/347600. Selected data is PEGS
Noise sample idx 2325 -- start 2110 end 2810
train dataset. Working on sample 209000/347600. Selected data is PEGS
Noise sample idx 4397 -- start 1846 end 2546
train dataset. Working on sample 210000/347600. Selected data is PEGS
Noise sample idx 1370 -- start 1110 end 1810
train dataset. Working on sample 211000/347600. Selected data is PEGS
Noise sample idx 3865 -- start 2235 end 2935
train dataset. Working on sample 212000/347600. Selected data is PEGS
Noise sample idx 882 -- start 1320 end 2020
train dataset. Working on sample 213000/347600. Selected data is PEGS
Noise sample idx 6341 -- start 1233 end 1933
train dataset. Working on sample 214000/347600. Selected data is PEGS
Noise sample idx 2715 -- start 2501 end 3201
train dataset. Working on sample 215000/347600. Selected data is PEGS
Noise sample idx 2663 -- start 1602 end 2302
train dataset. Working on sample 216000/347600. Selected data is PEGS
Noise sample idx 5175 -- start 2590 end 3290
train dataset. Working on sample 217000/347600. Selected data is PEGS
Noise sample idx 2089 -- start 2280 end 2980
train dataset. Working on sample 218000/347600. Selected data is PEGS
Noise sample idx 3806 -- start 1019 end 1719
train dataset. Working on sample 219000/347600. Selected data is PEGS
Noise sample idx 2317 -- start 2289 end 2989
train dataset. Working on sample 220000/347600. Selected data is PEGS
Noise sample idx 3258 -- start 1511 end 2211
train dataset. Working on sample 221000/347600. Selected data is PEGS
Noise sample idx 124 -- start 1100 end 1800
train dataset. Working on sample 222000/347600. Selected data is PEGS
Noise sample idx 267 -- start 2178 end 2878
train dataset. Working on sample 223000/347600. Selected data is PEGS
Noise sample idx 1381 -- start 2178 end 2878
train dataset. Working on sample 224000/347600. Selected data is PEGS
Noise sample idx 5398 -- start 1272 end 1972
train dataset. Working on sample 225000/347600. Selected data is PEGS
Noise sample idx 5910 -- start 1289 end 1989
train dataset. Working on sample 226000/347600. Selected data is PEGS
Noise sample idx 5515 -- start 1827 end 2527
train dataset. Working on sample 227000/347600. Selected data is PEGS
Noise sample idx 6120 -- start 2195 end 2895
train dataset. Working on sample 228000/347600. Selected data is PEGS
Noise sample idx 511 -- start 2349 end 3049
train dataset. Working on sample 229000/347600. Selected data is PEGS
Noise sample idx 6432 -- start 2027 end 2727
train dataset. Working on sample 230000/347600. Selected data is PEGS
Noise sample idx 3190 -- start 2523 end 3223
train dataset. Working on sample 231000/347600. Selected data is PEGS
Noise sample idx 541 -- start 1361 end 2061
train dataset. Working on sample 232000/347600. Selected data is PEGS
Noise sample idx 4818 -- start 1655 end 2355
train dataset. Working on sample 233000/347600. Selected data is PEGS
Noise sample idx 5444 -- start 1027 end 1727
train dataset. Working on sample 234000/347600. Selected data is PEGS
Noise sample idx 2081 -- start 2067 end 2767
train dataset. Working on sample 235000/347600. Selected data is PEGS
Noise sample idx 1786 -- start 2354 end 3054
train dataset. Working on sample 236000/347600. Selected data is PEGS
Noise sample idx 2716 -- start 2493 end 3193
train dataset. Working on sample 237000/347600. Selected data is PEGS
Noise sample idx 3003 -- start 1486 end 2186
train dataset. Working on sample 238000/347600. Selected data is PEGS
Noise sample idx 1876 -- start 2387 end 3087
train dataset. Working on sample 239000/347600. Selected data is PEGS
Noise sample idx 290 -- start 1699 end 2399
train dataset. Working on sample 240000/347600. Selected data is PEGS
Noise sample idx 5872 -- start 1964 end 2664
train dataset. Working on sample 241000/347600. Selected data is PEGS
Noise sample idx 3568 -- start 1274 end 1974
train dataset. Working on sample 242000/347600. Selected data is PEGS
Noise sample idx 4213 -- start 1241 end 1941
train dataset. Working on sample 243000/347600. Selected data is PEGS
Noise sample idx 5381 -- start 2644 end 3344
train dataset. Working on sample 244000/347600. Selected data is PEGS
Noise sample idx 5510 -- start 1220 end 1920
train dataset. Working on sample 245000/347600. Selected data is PEGS
Noise sample idx 4532 -- start 2383 end 3083
train dataset. Working on sample 246000/347600. Selected data is PEGS
Noise sample idx 6008 -- start 1910 end 2610
train dataset. Working on sample 247000/347600. Selected data is PEGS
Noise sample idx 4899 -- start 1139 end 1839
train dataset. Working on sample 248000/347600. Selected data is PEGS
Noise sample idx 2278 -- start 1186 end 1886
train dataset. Working on sample 249000/347600. Selected data is PEGS
Noise sample idx 591 -- start 1488 end 2188
train dataset. Working on sample 250000/347600. Selected data is PEGS
Noise sample idx 3901 -- start 1404 end 2104
train dataset. Working on sample 251000/347600. Selected data is PEGS
Noise sample idx 1558 -- start 2373 end 3073
train dataset. Working on sample 252000/347600. Selected data is PEGS
Noise sample idx 3658 -- start 2192 end 2892
train dataset. Working on sample 253000/347600. Selected data is PEGS
Noise sample idx 1547 -- start 2359 end 3059
train dataset. Working on sample 254000/347600. Selected data is PEGS
Noise sample idx 2638 -- start 1878 end 2578
train dataset. Working on sample 255000/347600. Selected data is PEGS
Noise sample idx 4186 -- start 1159 end 1859
train dataset. Working on sample 256000/347600. Selected data is PEGS
Noise sample idx 5252 -- start 1464 end 2164
train dataset. Working on sample 257000/347600. Selected data is PEGS
Noise sample idx 5746 -- start 1843 end 2543
train dataset. Working on sample 258000/347600. Selected data is PEGS
Noise sample idx 615 -- start 2185 end 2885
train dataset. Working on sample 259000/347600. Selected data is PEGS
Noise sample idx 2600 -- start 1537 end 2237
train dataset. Working on sample 260000/347600. Selected data is PEGS
Noise sample idx 2335 -- start 1009 end 1709
train dataset. Working on sample 261000/347600. Selected data is PEGS
Noise sample idx 1702 -- start 2349 end 3049
train dataset. Working on sample 262000/347600. Selected data is PEGS
Noise sample idx 4516 -- start 1865 end 2565
train dataset. Working on sample 263000/347600. Selected data is PEGS
Noise sample idx 3549 -- start 1256 end 1956
train dataset. Working on sample 264000/347600. Selected data is PEGS
Noise sample idx 3501 -- start 1420 end 2120
train dataset. Working on sample 265000/347600. Selected data is PEGS
Noise sample idx 1481 -- start 1183 end 1883
train dataset. Working on sample 266000/347600. Selected data is PEGS
Noise sample idx 4587 -- start 1568 end 2268
train dataset. Working on sample 267000/347600. Selected data is PEGS
Noise sample idx 3183 -- start 1467 end 2167
train dataset. Working on sample 268000/347600. Selected data is PEGS
Noise sample idx 5415 -- start 1344 end 2044
train dataset. Working on sample 269000/347600. Selected data is PEGS
Noise sample idx 118 -- start 1453 end 2153
train dataset. Working on sample 270000/347600. Selected data is PEGS
Noise sample idx 1442 -- start 1219 end 1919
train dataset. Working on sample 271000/347600. Selected data is PEGS
Noise sample idx 4153 -- start 1297 end 1997
train dataset. Working on sample 272000/347600. Selected data is PEGS
Noise sample idx 1755 -- start 1848 end 2548
train dataset. Working on sample 273000/347600. Selected data is PEGS
Noise sample idx 3219 -- start 2390 end 3090
train dataset. Working on sample 274000/347600. Selected data is PEGS
Noise sample idx 2122 -- start 1181 end 1881
train dataset. Working on sample 275000/347600. Selected data is PEGS
Noise sample idx 3612 -- start 1822 end 2522
train dataset. Working on sample 276000/347600. Selected data is PEGS
Noise sample idx 1707 -- start 2344 end 3044
train dataset. Working on sample 277000/347600. Selected data is PEGS
Noise sample idx 4560 -- start 1067 end 1767
train dataset. Working on sample 278000/347600. Selected data is PEGS
Noise sample idx 1737 -- start 2500 end 3200
train dataset. Working on sample 279000/347600. Selected data is PEGS
Noise sample idx 2767 -- start 1016 end 1716
train dataset. Working on sample 280000/347600. Selected data is PEGS
Noise sample idx 2170 -- start 1249 end 1949
train dataset. Working on sample 281000/347600. Selected data is PEGS
Noise sample idx 1039 -- start 1268 end 1968
train dataset. Working on sample 282000/347600. Selected data is PEGS
Noise sample idx 5946 -- start 1857 end 2557
train dataset. Working on sample 283000/347600. Selected data is PEGS
Noise sample idx 4382 -- start 1911 end 2611
train dataset. Working on sample 284000/347600. Selected data is PEGS
Noise sample idx 2070 -- start 1486 end 2186
train dataset. Working on sample 285000/347600. Selected data is PEGS
Noise sample idx 959 -- start 1578 end 2278
train dataset. Working on sample 286000/347600. Selected data is PEGS
Noise sample idx 2571 -- start 2039 end 2739
train dataset. Working on sample 287000/347600. Selected data is PEGS
Noise sample idx 585 -- start 2403 end 3103
train dataset. Working on sample 288000/347600. Selected data is PEGS
Noise sample idx 862 -- start 2555 end 3255
train dataset. Working on sample 289000/347600. Selected data is PEGS
Noise sample idx 399 -- start 1155 end 1855
train dataset. Working on sample 290000/347600. Selected data is PEGS
Noise sample idx 5972 -- start 2020 end 2720
train dataset. Working on sample 291000/347600. Selected data is PEGS
Noise sample idx 657 -- start 1827 end 2527
train dataset. Working on sample 292000/347600. Selected data is PEGS
Noise sample idx 1987 -- start 2638 end 3338
train dataset. Working on sample 293000/347600. Selected data is PEGS
Noise sample idx 3348 -- start 2626 end 3326
train dataset. Working on sample 294000/347600. Selected data is PEGS
Noise sample idx 4446 -- start 1309 end 2009
train dataset. Working on sample 295000/347600. Selected data is PEGS
Noise sample idx 35 -- start 2043 end 2743
train dataset. Working on sample 296000/347600. Selected data is PEGS
Noise sample idx 3849 -- start 2355 end 3055
train dataset. Working on sample 297000/347600. Selected data is PEGS
Noise sample idx 2966 -- start 2480 end 3180
train dataset. Working on sample 298000/347600. Selected data is PEGS
Noise sample idx 6208 -- start 2193 end 2893
train dataset. Working on sample 299000/347600. Selected data is PEGS
Noise sample idx 347 -- start 2309 end 3009
train dataset. Working on sample 300000/347600. Selected data is PEGS
Noise sample idx 2654 -- start 1154 end 1854
train dataset. Working on sample 301000/347600. Selected data is PEGS
Noise sample idx 1957 -- start 2414 end 3114
train dataset. Working on sample 302000/347600. Selected data is PEGS
Noise sample idx 4177 -- start 1852 end 2552
train dataset. Working on sample 303000/347600. Selected data is PEGS
Noise sample idx 3274 -- start 1691 end 2391
train dataset. Working on sample 304000/347600. Selected data is PEGS
Noise sample idx 1668 -- start 2403 end 3103
train dataset. Working on sample 305000/347600. Selected data is PEGS
Noise sample idx 2607 -- start 1884 end 2584
train dataset. Working on sample 306000/347600. Selected data is PEGS
Noise sample idx 3704 -- start 1159 end 1859
train dataset. Working on sample 307000/347600. Selected data is PEGS
Noise sample idx 2306 -- start 1219 end 1919
train dataset. Working on sample 308000/347600. Selected data is PEGS
Noise sample idx 2409 -- start 1302 end 2002
train dataset. Working on sample 309000/347600. Selected data is PEGS
Noise sample idx 4335 -- start 1945 end 2645
train dataset. Working on sample 310000/347600. Selected data is PEGS
Noise sample idx 1160 -- start 1255 end 1955
train dataset. Working on sample 311000/347600. Selected data is PEGS
Noise sample idx 1454 -- start 1605 end 2305
train dataset. Working on sample 312000/347600. Selected data is PEGS
Noise sample idx 1454 -- start 1380 end 2080
train dataset. Working on sample 313000/347600. Selected data is PEGS
Noise sample idx 1378 -- start 1215 end 1915
train dataset. Working on sample 314000/347600. Selected data is PEGS
Noise sample idx 1580 -- start 1914 end 2614
train dataset. Working on sample 315000/347600. Selected data is PEGS
Noise sample idx 3048 -- start 2314 end 3014
train dataset. Working on sample 316000/347600. Selected data is PEGS
Noise sample idx 3662 -- start 1849 end 2549
train dataset. Working on sample 317000/347600. Selected data is PEGS
Noise sample idx 2657 -- start 1430 end 2130
train dataset. Working on sample 318000/347600. Selected data is PEGS
Noise sample idx 2361 -- start 1042 end 1742
train dataset. Working on sample 319000/347600. Selected data is PEGS
Noise sample idx 4686 -- start 1436 end 2136
train dataset. Working on sample 320000/347600. Selected data is PEGS
Noise sample idx 4202 -- start 2620 end 3320
train dataset. Working on sample 321000/347600. Selected data is PEGS
Noise sample idx 1246 -- start 2043 end 2743
train dataset. Working on sample 322000/347600. Selected data is PEGS
Noise sample idx 4139 -- start 1401 end 2101
train dataset. Working on sample 323000/347600. Selected data is PEGS
Noise sample idx 4549 -- start 2145 end 2845
train dataset. Working on sample 324000/347600. Selected data is PEGS
Noise sample idx 3793 -- start 1214 end 1914
train dataset. Working on sample 325000/347600. Selected data is PEGS
Noise sample idx 4974 -- start 1887 end 2587
train dataset. Working on sample 326000/347600. Selected data is PEGS
Noise sample idx 5659 -- start 2066 end 2766
train dataset. Working on sample 327000/347600. Selected data is PEGS
Noise sample idx 3949 -- start 2437 end 3137
train dataset. Working on sample 328000/347600. Selected data is PEGS
Noise sample idx 1175 -- start 1195 end 1895
train dataset. Working on sample 329000/347600. Selected data is PEGS
Noise sample idx 523 -- start 1557 end 2257
train dataset. Working on sample 330000/347600. Selected data is PEGS
Noise sample idx 34 -- start 2473 end 3173
train dataset. Working on sample 331000/347600. Selected data is PEGS
Noise sample idx 6046 -- start 1290 end 1990
train dataset. Working on sample 332000/347600. Selected data is PEGS
Noise sample idx 1761 -- start 2557 end 3257
train dataset. Working on sample 333000/347600. Selected data is PEGS
Noise sample idx 3083 -- start 2092 end 2792
train dataset. Working on sample 334000/347600. Selected data is PEGS
Noise sample idx 2201 -- start 1901 end 2601
train dataset. Working on sample 335000/347600. Selected data is PEGS
Noise sample idx 989 -- start 1270 end 1970
train dataset. Working on sample 336000/347600. Selected data is PEGS
Noise sample idx 6394 -- start 2131 end 2831
train dataset. Working on sample 337000/347600. Selected data is PEGS
Noise sample idx 6249 -- start 1625 end 2325
train dataset. Working on sample 338000/347600. Selected data is PEGS
Noise sample idx 2432 -- start 1331 end 2031
train dataset. Working on sample 339000/347600. Selected data is PEGS
Noise sample idx 4671 -- start 1385 end 2085
train dataset. Working on sample 340000/347600. Selected data is PEGS
Noise sample idx 5812 -- start 1540 end 2240
train dataset. Working on sample 341000/347600. Selected data is PEGS
Noise sample idx 6347 -- start 1293 end 1993
train dataset. Working on sample 342000/347600. Selected data is PEGS
Noise sample idx 4758 -- start 1560 end 2260
train dataset. Working on sample 343000/347600. Selected data is PEGS
Noise sample idx 1265 -- start 2639 end 3339
train dataset. Working on sample 344000/347600. Selected data is PEGS
Noise sample idx 2571 -- start 2324 end 3024
train dataset. Working on sample 345000/347600. Selected data is PEGS
Noise sample idx 4379 -- start 2577 end 3277
train dataset. Working on sample 346000/347600. Selected data is PEGS
Noise sample idx 2197 -- start 2211 end 2911
train dataset. Working on sample 347000/347600. Selected data is PEGS
Noise sample idx 1425 -- start 1630 end 2330
val dataset. Working on sample 0/102400. Selected data is PEGS
Noise sample idx 4289 -- start 1404 end 2104
val dataset. Working on sample 1000/102400. Selected data is PEGS
Noise sample idx 5756 -- start 2168 end 2868
val dataset. Working on sample 2000/102400. Selected data is PEGS
Noise sample idx 1903 -- start 2379 end 3079
val dataset. Working on sample 3000/102400. Selected data is PEGS
Noise sample idx 1612 -- start 1683 end 2383
val dataset. Working on sample 4000/102400. Selected data is PEGS
Noise sample idx 2134 -- start 1554 end 2254
val dataset. Working on sample 5000/102400. Selected data is PEGS
Noise sample idx 1416 -- start 1285 end 1985
val dataset. Working on sample 6000/102400. Selected data is PEGS
Noise sample idx 6096 -- start 2406 end 3106
val dataset. Working on sample 7000/102400. Selected data is PEGS
Noise sample idx 5902 -- start 1703 end 2403
val dataset. Working on sample 8000/102400. Selected data is PEGS
Noise sample idx 1051 -- start 2539 end 3239
val dataset. Working on sample 9000/102400. Selected data is PEGS
Noise sample idx 2763 -- start 1243 end 1943
val dataset. Working on sample 10000/102400. Selected data is PEGS
Noise sample idx 2688 -- start 1802 end 2502
val dataset. Working on sample 11000/102400. Selected data is PEGS
Noise sample idx 4356 -- start 1583 end 2283
val dataset. Working on sample 12000/102400. Selected data is PEGS
Noise sample idx 1932 -- start 2431 end 3131
val dataset. Working on sample 13000/102400. Selected data is PEGS
Noise sample idx 5429 -- start 1287 end 1987
val dataset. Working on sample 14000/102400. Selected data is PEGS
Noise sample idx 43 -- start 2332 end 3032
val dataset. Working on sample 15000/102400. Selected data is PEGS
Noise sample idx 3897 -- start 2244 end 2944
val dataset. Working on sample 16000/102400. Selected data is PEGS
Noise sample idx 5839 -- start 1125 end 1825
val dataset. Working on sample 17000/102400. Selected data is PEGS
Noise sample idx 1991 -- start 1285 end 1985
val dataset. Working on sample 18000/102400. Selected data is PEGS
Noise sample idx 897 -- start 2343 end 3043
val dataset. Working on sample 19000/102400. Selected data is PEGS
Noise sample idx 365 -- start 1159 end 1859
val dataset. Working on sample 20000/102400. Selected data is PEGS
Noise sample idx 274 -- start 2095 end 2795
val dataset. Working on sample 21000/102400. Selected data is PEGS
Noise sample idx 4534 -- start 2226 end 2926
val dataset. Working on sample 22000/102400. Selected data is PEGS
Noise sample idx 4082 -- start 2473 end 3173
val dataset. Working on sample 23000/102400. Selected data is PEGS
Noise sample idx 966 -- start 1392 end 2092
val dataset. Working on sample 24000/102400. Selected data is PEGS
Noise sample idx 807 -- start 1032 end 1732
val dataset. Working on sample 25000/102400. Selected data is PEGS
Noise sample idx 62 -- start 1794 end 2494
val dataset. Working on sample 26000/102400. Selected data is PEGS
Noise sample idx 4481 -- start 1536 end 2236
val dataset. Working on sample 27000/102400. Selected data is PEGS
Noise sample idx 427 -- start 1054 end 1754
val dataset. Working on sample 28000/102400. Selected data is PEGS
Noise sample idx 4534 -- start 2388 end 3088
val dataset. Working on sample 29000/102400. Selected data is PEGS
Noise sample idx 5192 -- start 2215 end 2915
val dataset. Working on sample 30000/102400. Selected data is PEGS
Noise sample idx 5564 -- start 1853 end 2553
val dataset. Working on sample 31000/102400. Selected data is PEGS
Noise sample idx 212 -- start 2427 end 3127
val dataset. Working on sample 32000/102400. Selected data is PEGS
Noise sample idx 25 -- start 1365 end 2065
val dataset. Working on sample 33000/102400. Selected data is PEGS
Noise sample idx 769 -- start 1576 end 2276
val dataset. Working on sample 34000/102400. Selected data is PEGS
Noise sample idx 2220 -- start 1552 end 2252
val dataset. Working on sample 35000/102400. Selected data is PEGS
Noise sample idx 4812 -- start 1198 end 1898
val dataset. Working on sample 36000/102400. Selected data is PEGS
Noise sample idx 337 -- start 1918 end 2618
val dataset. Working on sample 37000/102400. Selected data is PEGS
Noise sample idx 2209 -- start 1022 end 1722
val dataset. Working on sample 38000/102400. Selected data is PEGS
Noise sample idx 1494 -- start 2048 end 2748
val dataset. Working on sample 39000/102400. Selected data is PEGS
Noise sample idx 3409 -- start 1347 end 2047
val dataset. Working on sample 40000/102400. Selected data is PEGS
Noise sample idx 3565 -- start 2224 end 2924
val dataset. Working on sample 41000/102400. Selected data is PEGS
Noise sample idx 5274 -- start 1291 end 1991
val dataset. Working on sample 42000/102400. Selected data is PEGS
Noise sample idx 1813 -- start 1243 end 1943
val dataset. Working on sample 43000/102400. Selected data is PEGS
Noise sample idx 5642 -- start 1354 end 2054
val dataset. Working on sample 44000/102400. Selected data is PEGS
Noise sample idx 4831 -- start 1856 end 2556
val dataset. Working on sample 45000/102400. Selected data is PEGS
Noise sample idx 4083 -- start 1552 end 2252
val dataset. Working on sample 46000/102400. Selected data is PEGS
Noise sample idx 6401 -- start 2335 end 3035
val dataset. Working on sample 47000/102400. Selected data is PEGS
Noise sample idx 2751 -- start 2508 end 3208
val dataset. Working on sample 48000/102400. Selected data is PEGS
Noise sample idx 594 -- start 1219 end 1919
val dataset. Working on sample 49000/102400. Selected data is PEGS
Noise sample idx 4649 -- start 2609 end 3309
val dataset. Working on sample 50000/102400. Selected data is PEGS
Noise sample idx 5472 -- start 1152 end 1852
val dataset. Working on sample 51000/102400. Selected data is PEGS
Noise sample idx 1204 -- start 1403 end 2103
val dataset. Working on sample 52000/102400. Selected data is PEGS
Noise sample idx 3408 -- start 2435 end 3135
val dataset. Working on sample 53000/102400. Selected data is PEGS
Noise sample idx 3824 -- start 1341 end 2041
val dataset. Working on sample 54000/102400. Selected data is PEGS
Noise sample idx 412 -- start 1901 end 2601
val dataset. Working on sample 55000/102400. Selected data is PEGS
Noise sample idx 317 -- start 2646 end 3346
val dataset. Working on sample 56000/102400. Selected data is PEGS
Noise sample idx 3201 -- start 2456 end 3156
val dataset. Working on sample 57000/102400. Selected data is PEGS
Noise sample idx 3420 -- start 2175 end 2875
val dataset. Working on sample 58000/102400. Selected data is PEGS
Noise sample idx 4705 -- start 1204 end 1904
val dataset. Working on sample 59000/102400. Selected data is PEGS
Noise sample idx 4702 -- start 1394 end 2094
val dataset. Working on sample 60000/102400. Selected data is PEGS
Noise sample idx 6367 -- start 2592 end 3292
val dataset. Working on sample 61000/102400. Selected data is PEGS
Noise sample idx 1563 -- start 2361 end 3061
val dataset. Working on sample 62000/102400. Selected data is PEGS
Noise sample idx 1812 -- start 2001 end 2701
val dataset. Working on sample 63000/102400. Selected data is PEGS
Noise sample idx 6400 -- start 1909 end 2609
val dataset. Working on sample 64000/102400. Selected data is PEGS
Noise sample idx 4372 -- start 2198 end 2898
val dataset. Working on sample 65000/102400. Selected data is PEGS
Noise sample idx 4582 -- start 2419 end 3119
val dataset. Working on sample 66000/102400. Selected data is PEGS
Noise sample idx 367 -- start 1764 end 2464
val dataset. Working on sample 67000/102400. Selected data is PEGS
Noise sample idx 1463 -- start 1288 end 1988
val dataset. Working on sample 68000/102400. Selected data is PEGS
Noise sample idx 4481 -- start 1870 end 2570
val dataset. Working on sample 69000/102400. Selected data is PEGS
Noise sample idx 4089 -- start 2161 end 2861
val dataset. Working on sample 70000/102400. Selected data is PEGS
Noise sample idx 1871 -- start 1125 end 1825
val dataset. Working on sample 71000/102400. Selected data is PEGS
Noise sample idx 5483 -- start 1618 end 2318
val dataset. Working on sample 72000/102400. Selected data is PEGS
Noise sample idx 2748 -- start 1146 end 1846
val dataset. Working on sample 73000/102400. Selected data is PEGS
Noise sample idx 5086 -- start 2178 end 2878
val dataset. Working on sample 74000/102400. Selected data is PEGS
Noise sample idx 6076 -- start 2394 end 3094
val dataset. Working on sample 75000/102400. Selected data is PEGS
Noise sample idx 4769 -- start 1201 end 1901
val dataset. Working on sample 76000/102400. Selected data is PEGS
Noise sample idx 1402 -- start 1017 end 1717
val dataset. Working on sample 77000/102400. Selected data is PEGS
Noise sample idx 734 -- start 2616 end 3316
val dataset. Working on sample 78000/102400. Selected data is PEGS
Noise sample idx 2884 -- start 1483 end 2183
val dataset. Working on sample 79000/102400. Selected data is PEGS
Noise sample idx 5202 -- start 1827 end 2527
val dataset. Working on sample 80000/102400. Selected data is PEGS
Noise sample idx 5478 -- start 1030 end 1730
val dataset. Working on sample 81000/102400. Selected data is PEGS
Noise sample idx 2406 -- start 1350 end 2050
val dataset. Working on sample 82000/102400. Selected data is PEGS
Noise sample idx 2848 -- start 1859 end 2559
val dataset. Working on sample 83000/102400. Selected data is PEGS
Noise sample idx 2538 -- start 1169 end 1869
val dataset. Working on sample 84000/102400. Selected data is PEGS
Noise sample idx 791 -- start 2427 end 3127
val dataset. Working on sample 85000/102400. Selected data is PEGS
Noise sample idx 5230 -- start 1371 end 2071
val dataset. Working on sample 86000/102400. Selected data is PEGS
Noise sample idx 6037 -- start 1098 end 1798
val dataset. Working on sample 87000/102400. Selected data is PEGS
Noise sample idx 6267 -- start 2493 end 3193
val dataset. Working on sample 88000/102400. Selected data is PEGS
Noise sample idx 474 -- start 2571 end 3271
val dataset. Working on sample 89000/102400. Selected data is PEGS
Noise sample idx 5553 -- start 1114 end 1814
val dataset. Working on sample 90000/102400. Selected data is PEGS
Noise sample idx 3309 -- start 1341 end 2041
val dataset. Working on sample 91000/102400. Selected data is PEGS
Noise sample idx 3065 -- start 1200 end 1900
val dataset. Working on sample 92000/102400. Selected data is PEGS
Noise sample idx 2826 -- start 1177 end 1877
val dataset. Working on sample 93000/102400. Selected data is PEGS
Noise sample idx 1619 -- start 2402 end 3102
val dataset. Working on sample 94000/102400. Selected data is PEGS
Noise sample idx 1779 -- start 1639 end 2339
val dataset. Working on sample 95000/102400. Selected data is PEGS
Noise sample idx 4602 -- start 2058 end 2758
val dataset. Working on sample 96000/102400. Selected data is PEGS
Noise sample idx 5330 -- start 2486 end 3186
val dataset. Working on sample 97000/102400. Selected data is PEGS
Noise sample idx 1104 -- start 2355 end 3055
val dataset. Working on sample 98000/102400. Selected data is PEGS
Noise sample idx 2047 -- start 2501 end 3201
val dataset. Working on sample 99000/102400. Selected data is PEGS
Noise sample idx 5441 -- start 1663 end 2363
val dataset. Working on sample 100000/102400. Selected data is PEGS
Noise sample idx 197 -- start 2544 end 3244
val dataset. Working on sample 101000/102400. Selected data is PEGS
Noise sample idx 4336 -- start 2254 end 2954
val dataset. Working on sample 102000/102400. Selected data is PEGS
Noise sample idx 5757 -- start 2418 end 3118
test dataset. Working on sample 0/50000. Selected data is PEGS
Noise sample idx 4984 -- start 1048 end 1748
test dataset. Working on sample 1000/50000. Selected data is PEGS
Noise sample idx 1268 -- start 1408 end 2108
test dataset. Working on sample 2000/50000. Selected data is PEGS
Noise sample idx 4465 -- start 1001 end 1701
test dataset. Working on sample 3000/50000. Selected data is PEGS
Noise sample idx 4660 -- start 2221 end 2921
test dataset. Working on sample 4000/50000. Selected data is PEGS
Noise sample idx 841 -- start 1357 end 2057
test dataset. Working on sample 5000/50000. Selected data is PEGS
Noise sample idx 4473 -- start 1613 end 2313
test dataset. Working on sample 6000/50000. Selected data is PEGS
Noise sample idx 1290 -- start 2320 end 3020
test dataset. Working on sample 7000/50000. Selected data is PEGS
Noise sample idx 4638 -- start 1696 end 2396
test dataset. Working on sample 8000/50000. Selected data is PEGS
Noise sample idx 2820 -- start 1055 end 1755
test dataset. Working on sample 9000/50000. Selected data is PEGS
Noise sample idx 1341 -- start 2045 end 2745
test dataset. Working on sample 10000/50000. Selected data is PEGS
Noise sample idx 1714 -- start 1824 end 2524
test dataset. Working on sample 11000/50000. Selected data is PEGS
Noise sample idx 2983 -- start 1777 end 2477
test dataset. Working on sample 12000/50000. Selected data is PEGS
Noise sample idx 3671 -- start 2371 end 3071
test dataset. Working on sample 13000/50000. Selected data is PEGS
Noise sample idx 1522 -- start 2415 end 3115
test dataset. Working on sample 14000/50000. Selected data is PEGS
Noise sample idx 6124 -- start 1050 end 1750
test dataset. Working on sample 15000/50000. Selected data is PEGS
Noise sample idx 3945 -- start 2483 end 3183
test dataset. Working on sample 16000/50000. Selected data is PEGS
Noise sample idx 3053 -- start 1421 end 2121
test dataset. Working on sample 17000/50000. Selected data is PEGS
Noise sample idx 6224 -- start 1804 end 2504
test dataset. Working on sample 18000/50000. Selected data is PEGS
Noise sample idx 324 -- start 2112 end 2812
test dataset. Working on sample 19000/50000. Selected data is PEGS
Noise sample idx 3447 -- start 1060 end 1760
test dataset. Working on sample 20000/50000. Selected data is PEGS
Noise sample idx 2429 -- start 2086 end 2786
test dataset. Working on sample 21000/50000. Selected data is PEGS
Noise sample idx 2969 -- start 2105 end 2805
test dataset. Working on sample 22000/50000. Selected data is PEGS
Noise sample idx 2091 -- start 1385 end 2085
test dataset. Working on sample 23000/50000. Selected data is PEGS
Noise sample idx 3837 -- start 1633 end 2333
test dataset. Working on sample 24000/50000. Selected data is PEGS
Noise sample idx 4044 -- start 2134 end 2834
test dataset. Working on sample 25000/50000. Selected data is PEGS
Noise sample idx 1187 -- start 2274 end 2974
test dataset. Working on sample 26000/50000. Selected data is PEGS
Noise sample idx 3892 -- start 1372 end 2072
test dataset. Working on sample 27000/50000. Selected data is PEGS
Noise sample idx 1660 -- start 1194 end 1894
test dataset. Working on sample 28000/50000. Selected data is PEGS
Noise sample idx 5695 -- start 1994 end 2694
test dataset. Working on sample 29000/50000. Selected data is PEGS
Noise sample idx 4580 -- start 1315 end 2015
test dataset. Working on sample 30000/50000. Selected data is PEGS
Noise sample idx 4968 -- start 1787 end 2487
test dataset. Working on sample 31000/50000. Selected data is PEGS
Noise sample idx 1493 -- start 1029 end 1729
test dataset. Working on sample 32000/50000. Selected data is PEGS
Noise sample idx 2268 -- start 1619 end 2319
test dataset. Working on sample 33000/50000. Selected data is PEGS
Noise sample idx 4243 -- start 2113 end 2813
test dataset. Working on sample 34000/50000. Selected data is PEGS
Noise sample idx 5111 -- start 1343 end 2043
test dataset. Working on sample 35000/50000. Selected data is PEGS
Noise sample idx 5717 -- start 2097 end 2797
test dataset. Working on sample 36000/50000. Selected data is PEGS
Noise sample idx 6124 -- start 2253 end 2953
test dataset. Working on sample 37000/50000. Selected data is PEGS
Noise sample idx 2582 -- start 2622 end 3322
test dataset. Working on sample 38000/50000. Selected data is PEGS
Noise sample idx 1493 -- start 1155 end 1855
test dataset. Working on sample 39000/50000. Selected data is PEGS
Noise sample idx 1462 -- start 1555 end 2255
test dataset. Working on sample 40000/50000. Selected data is PEGS
Noise sample idx 622 -- start 1806 end 2506
test dataset. Working on sample 41000/50000. Selected data is PEGS
Noise sample idx 2143 -- start 1924 end 2624
test dataset. Working on sample 42000/50000. Selected data is PEGS
Noise sample idx 179 -- start 1861 end 2561
test dataset. Working on sample 43000/50000. Selected data is PEGS
Noise sample idx 4746 -- start 1358 end 2058
test dataset. Working on sample 44000/50000. Selected data is PEGS
Noise sample idx 1586 -- start 1975 end 2675
test dataset. Working on sample 45000/50000. Selected data is PEGS
Noise sample idx 913 -- start 2489 end 3189
test dataset. Working on sample 46000/50000. Selected data is PEGS
Noise sample idx 1982 -- start 2636 end 3336
test dataset. Working on sample 47000/50000. Selected data is PEGS
Noise sample idx 2993 -- start 1838 end 2538
test dataset. Working on sample 48000/50000. Selected data is PEGS
Noise sample idx 5566 -- start 1629 end 2329
test dataset. Working on sample 49000/50000. Selected data is PEGS
Noise sample idx 5663 -- start 1312 end 2012
